Building DAG of jobs...
Using shell: /usr/bin/bash
Provided cores: 1 (use --cores to define parallelism)
Rules claiming more threads will be scaled down.
Job stats:
job      count
-----  -------
hello        1
total        1

Select jobs to execute...

[Wed Jun 25 00:32:53 2025]
rule hello:
    output: hello.txt
    jobid: 0
    reason: Missing output files: hello.txt
    resources: tmpdir=/tmp

[Wed Jun 25 00:32:53 2025]
Error in rule hello:
    jobid: 0
    output: hello.txt

Shutting down, this might take some time.
Exiting because a job execution failed. Look above for error message
Complete log: .snakemake/log/2025-06-25T003253.289266.snakemake.log
