Building DAG of jobs...
Using shell: /usr/bin/bash
Provided cores: 1 (use --cores to define parallelism)
Rules claiming more threads will be scaled down.
Job stats:
job                   count
------------------  -------
all                       1
create_dirs               1
download_reference        1
download_sra              1
extract_sequence          1
total                     5

Select jobs to execute...

[Wed Jun 25 01:18:54 2025]
rule create_dirs:
    output: results/snakemake/.dirs_created
    jobid: 1
    reason: Missing output files: results/snakemake/.dirs_created
    resources: tmpdir=/tmp

[Wed Jun 25 01:18:54 2025]
Finished job 1.
1 of 5 steps (20%) done
Select jobs to execute...

[Wed Jun 25 01:18:54 2025]
rule download_sra:
    input: results/snakemake/.dirs_created
    output: results/raw/SRR1972739/SRR1972739.sra
    jobid: 3
    reason: Missing output files: results/raw/SRR1972739/SRR1972739.sra; Input files updated by another job: results/snakemake/.dirs_created
    resources: tmpdir=/tmp

[Wed Jun 25 01:18:56 2025]
Finished job 3.
2 of 5 steps (40%) done
Select jobs to execute...

[Wed Jun 25 01:18:56 2025]
rule download_reference:
    input: results/snakemake/.dirs_created
    output: results/raw/reference.fasta
    jobid: 2
    reason: Missing output files: results/raw/reference.fasta; Input files updated by another job: results/snakemake/.dirs_created
    resources: tmpdir=/tmp

[Wed Jun 25 01:18:57 2025]
Finished job 2.
3 of 5 steps (60%) done
Select jobs to execute...

[Wed Jun 25 01:18:57 2025]
rule extract_sequence:
    input: results/snakemake/.dirs_created, results/raw/SRR1972739/SRR1972739.sra
    output: results/raw/SRR1972739.fastq
    jobid: 4
    reason: Missing output files: results/raw/SRR1972739.fastq; Input files updated by another job: results/raw/SRR1972739/SRR1972739.sra, results/snakemake/.dirs_created
    resources: tmpdir=/tmp

[Wed Jun 25 01:18:57 2025]
Finished job 4.
4 of 5 steps (80%) done
Select jobs to execute...

[Wed Jun 25 01:18:57 2025]
localrule all:
    input: results/snakemake/.dirs_created, results/raw/reference.fasta, results/raw/SRR1972739/SRR1972739.sra, results/raw/SRR1972739.fastq
    jobid: 0
    reason: Input files updated by another job: results/raw/reference.fasta, results/snakemake/.dirs_created, results/raw/SRR1972739.fastq, results/raw/SRR1972739/SRR1972739.sra
    resources: tmpdir=/tmp

[Wed Jun 25 01:18:57 2025]
Finished job 0.
5 of 5 steps (100%) done
Complete log: .snakemake/log/2025-06-25T011853.944068.snakemake.log
